Arguments: 
  /usr/local/Cellar/node/17.3.0/bin/node /usr/local/Cellar/yarn/1.22.17_2/libexec/bin/yarn.js install

PATH: 
  /opt/anaconda3/bin:/opt/anaconda3/condabin:/Users/alanlin24/.cabal/bin:/Users/alanlin24/.ghcup/bin:/Library/Frameworks/Python.framework/Versions/3.9/bin:/usr/local/bin:/usr/bin:/bin:/usr/sbin:/sbin:/Library/TeX/texbin:/Library/Apple/usr/bin

Yarn version: 
  1.22.17

Node version: 
  17.3.0

Platform: 
  darwin x64

Trace: 
  Error: getaddrinfo ENOTFOUND registry.yarnpkg.com
      at GetAddrInfoReqWrap.onlookup [as oncomplete] (node:dns:72:26)

npm manifest: 
  {
    "name": "frontend",
    "version": "0.1.0",
    "private": true,
    "dependencies": {
      "@testing-library/jest-dom": "^5.14.1",
      "@testing-library/react": "^13.0.0",
      "@testing-library/user-event": "^13.2.1",
      "axios": "^1.2.0",
      "react": "^18.2.0",
      "react-dom": "^18.2.0",
      "react-icons": "^4.6.0",
      "react-rating-stars-component": "^2.2.0",
      "react-router-dom": "^6.4.3",
      "react-scripts": "5.0.1",
      "web-vitals": "^2.1.0"
    },
    "scripts": {
      "start": "react-scripts start",
      "build": "react-scripts build",
      "test": "react-scripts test",
      "eject": "react-scripts eject"
    },
    "eslintConfig": {
      "extends": [
        "react-app",
        "react-app/jest"
      ]
    },
    "browserslist": {
      "production": [
        ">0.2%",
        "not dead",
        "not op_mini all"
      ],
      "development": [
        "last 1 chrome version",
        "last 1 firefox version",
        "last 1 safari version"
      ]
    }
  }

yarn manifest: 
  No manifest

Lockfile: 
  No lockfile
